Arguments: 
  C:\Program Files\nodejs\node.exe C:\Program Files (x86)\Yarn\bin\yarn.js add doteenv

PATH: 
  C:\Program Files\Git\mingw64\bin;C:\Program Files\Git\usr\bin;C:\Users\vasili\bin;C:\WINDOWS\system32;C:\WINDOWS;C:\WINDOWS\System32\Wbem;C:\WINDOWS\System32\WindowsPowerShell\v1.0;C:\Program Files\Git\cmd;C:\WINDOWS\System32\OpenSSH;C:\Program Files\dotnet;C:\Program Files\Microsoft SQL Server\130\Tools\Binn;C:\Program Files\Microsoft VS Code\bin;C:\Program Files (x86)\Yarn\bin;C:\Program Files\nodejs;C:\Users\vasili\AppData\Local\Microsoft\WindowsApps;C:\Program Files\Microsoft VS Code\bin;C:\Users\vasili\AppData\Local\Yarn\bin;C:\Users\vasili\AppData\Roaming\npm

Yarn version: 
  1.13.0

Node version: 
  10.15.3

Platform: 
  win32 x64

Trace: 
  Error: https://registry.yarnpkg.com/doteenv: Not found
      at Request.params.callback [as _callback] (C:\Program Files (x86)\Yarn\lib\cli.js:65364:18)
      at Request.self.callback (C:\Program Files (x86)\Yarn\lib\cli.js:129397:22)
      at Request.emit (events.js:189:13)
      at Request.<anonymous> (C:\Program Files (x86)\Yarn\lib\cli.js:130369:10)
      at Request.emit (events.js:189:13)
      at IncomingMessage.<anonymous> (C:\Program Files (x86)\Yarn\lib\cli.js:130291:12)
      at Object.onceWrapper (events.js:277:13)
      at IncomingMessage.emit (events.js:194:15)
      at endReadableNT (_stream_readable.js:1125:12)
      at process._tickCallback (internal/process/next_tick.js:63:19)

npm manifest: 
  {
    "name": "backend-tigransargsyan",
    "version": "1.0.0",
    "description": "Backend API for Black Hole",
    "main": "index.js",
    "dependencies": {
      "bcryptjs": "^2.4.3"
    },
    "devDependencies": {},
    "scripts": {
      "start": "node index.js",
      "server": "nodemon index.js",
      "test": " DB_MODE=testing jest --watch --verbose"
    },
    "repository": {
      "type": "git",
      "url": "git+https://github.com/bw3-black-hole/Backend-TigranSargsyan.git"
    },
    "author": "",
    "license": "ISC",
    "bugs": {
      "url": "https://github.com/bw3-black-hole/Backend-TigranSargsyan/issues"
    },
    "homepage": "https://github.com/bw3-black-hole/Backend-TigranSargsyan#readme"
  }

yarn manifest: 
  No manifest

Lockfile: 
  # THIS IS AN AUTOGENERATED FILE. DO NOT EDIT THIS FILE DIRECTLY.
  # yarn lockfile v1
  
  
  bcryptjs@^2.4.3:
    version "2.4.3"
    resolved "https://registry.yarnpkg.com/bcryptjs/-/bcryptjs-2.4.3.tgz#9ab5627b93e60621ff7cdac5da9733027df1d0cb"
    integrity sha1-mrVie5PmBiH/fNrF2pczAn3x0Ms=
